Unable to capture context for thread 11232 in process 20560, can not generate back trace
Unable to capture context for thread 3812 in process 20560, can not generate back trace
Exception at PC 0x00007FFB874ABB93
Printing stacktrace...

Unable to capture context for thread 3812 in process 20560, can not generate back trace
Exception at PC 0x00007FFC7E7D478C
Exception at PC 0x00007FFC7E7D478C
Exception at PC 0x00007FFC7E7D478C
Exception at PC 0x00007FFC7E7D478C
Exception at PC 0x00007FFC7E7D478C
Exception at PC 0x00007FFC7E7D478C
Exception at PC 0x00007FFC7E7D478C
Exception at PC 0x00007FFC7E7D478C
Exception at PC 0x00007FFC7E7D478C
Exception at PC 0x00007FFC7E7D478C
Exception at PC 0x00007FFC7E7D478C
Exception at PC 0x00007FFC7E7D478C
Exception at PC 0x00007FFC7E7D478C
Exception at PC 0x00007FFC7E7D478C
Exception at PC 0x00007FFC7E7D478C
[0]  [0x00007FFB874ABB93]
[1]  [0x00007FFB874ABB93]
[2]  [0x00007FFB874AB4A1]
[3]  [0x00007FFB874AB3EF]
[4]  [0x00007FFB874919FE]
[5]  [0x00007FFB87490ED1]
[6]  [0x00007FFB87490D76]
[7]  [0x00007FFB874379F6]
[8]  [0x00007FFB87427AFB]
[9]  [0x00007FFB8754E90A]
[10]  [0x00007FFB87569F87]
[11]  [0x00007FFB8756A05F]
[12] (BaseThreadInitThunk+0x10) [0x00007FFC7F9654E0]
[13] (RtlUserThreadStart+0x2b) [0x00007FFC80D4485B]
Done
Exception at PC 0x00007FFC7E7D478C
Exception at PC 0x00007FFC7E7D478C
